2000-01-01 01:15:37,964:__main__:INFO:l57:MainThread:[32m[32mProfil de configuration chargé : prod[0m[0m
2000-01-01 01:15:37,966:__main__:INFO:l59:MainThread:[32m[32mInjection des données de la carte[0m[0m
2000-01-01 01:15:46,486:lib.robot:INFO:l70:MainThread:[32m[32mCréation du robot[0m[0m
2000-01-01 01:15:46,490:lib.instance:INFO:l37:MainThread:[32m[32mInstanciation de la classe Instance[0m[0m
2000-01-01 01:15:49,003:lib.attributions:INFO:l42:MainThread:[32m[32m['/dev/ttyACM1', '', '', '/dev/ttyACM3', '', ''][0m[0m
2000-01-01 01:15:49,008:lib.robot:INFO:l70:MainThread:[32m[32mCréation du robot[0m[0m
2000-01-01 01:15:49,011:lib.instance:ERROR:l83:MainThread:[33m[33minstance : serieBaliseInstance n'est pas chargé. pas de chemin trouvé.[0m[0m
2000-01-01 01:15:49,015:lib.instance:INFO:l133:MainThread:[32m[32métablissement du graphe en fonction des robots adverses rencontrés[0m[0m
2000-01-01 01:15:49,016:lib.recherche_chemin.thetastar:INFO:l501:MainThread:[32m[32mcalcul du graphe (initialisation, nouveau rayon ou nouveaux robots adverses[0m[0m
2000-01-01 01:15:51,223:lib.recherche_chemin.thetastar:INFO:l549:MainThread:[32m[32mmise en cache du graphe dans les fichiers sauv_*[0m[0m
2000-01-01 01:15:51,683:lib.asservissement:ERROR:l45:MainThread:[33m[33masservissement : ne peut importer instance.asserInstanceDuree[0m[0m
2000-01-01 01:15:51,789:lib.strategie:DEBUG:l154:MainThread:[36m[36mInitialisation des actions à faire[0m[0m
2000-01-01 01:15:51,790:lib.strategie:INFO:l47:MainThread:[32m[32mLancement de la stratégie numéro 1[0m[0m
2000-01-01 01:15:51,792:lib.strategie:ERROR:l66:MainThread:[33m[33mstratégie : ne peut importer instance.baliseInstance[0m[0m
2000-01-01 01:15:51,793:lib.balise:ERROR:l32:MainThread:[33m[33mbalise : ne peut importer instance.serieBaliseInstance[0m[0m
2000-01-01 01:15:59,474:__main__:INFO:l119:MainThread:[32m[32mChargement du fichier de lancement match[0m[0m
2000-01-01 01:16:03,338:bin.match:WARNING:l29:MainThread:[35m[35mRobot en attente du jumper pour recalage[0m[0m
2000-01-01 01:16:04,827:bin.match:INFO:l31:MainThread:[32m[32mLancement du recalage...[0m[0m
2000-01-01 01:16:04,835:lib.asservissement:INFO:l317:MainThread:[32m[32mdébut du recalage[0m[0m
2000-01-01 01:16:16,605:lib.asservissement:INFO:l322:MainThread:[32m[32mfin du recalage[0m[0m
2000-01-01 01:16:16,607:bin.match:INFO:l42:MainThread:[32m[32mLe recalage a été effectué[0m[0m
2000-01-01 01:17:14,569:bin.match:INFO:l44:MainThread:[32m[32mLe Jumper a été retiré. Lancement de la stratégie[0m[0m
2000-01-01 01:17:14,571:lib.timer:INFO:l37:MainThread:[32m[32mLancement du timer...[0m[0m
2000-01-01 01:17:44,564:lib.script:DEBUG:l627:MainThread:[36m[36mEnfonçage du poussoir à nous fini[0m[0m
2000-01-01 01:17:44,566:lib.script:DEBUG:l630:MainThread:[36m[36mDébut d'enfonçage du poussoir 2[0m[0m
2000-01-01 01:18:42,730:lib.timer:ERROR:l83:arretRobot:[33m[33mImpossible d'arrêter les capteurs[0m[0m
2000-01-01 01:18:43,734:lib.timer:INFO:l95:arretRobot:[32m[32mArrêt du robot après 88 secondes[0m[0m
