2000-01-01 01:26:09,142:__main__:INFO:l57:MainThread:[32m[32mProfil de configuration chargé : prod[0m[0m
2000-01-01 01:26:09,144:__main__:INFO:l59:MainThread:[32m[32mInjection des données de la carte[0m[0m
2000-01-01 01:26:17,203:lib.robot:INFO:l70:MainThread:[32m[32mCréation du robot[0m[0m
2000-01-01 01:26:17,207:lib.instance:INFO:l37:MainThread:[32m[32mInstanciation de la classe Instance[0m[0m
2000-01-01 01:26:22,742:lib.attributions:INFO:l42:MainThread:[32m[32m['', '', '', '/dev/ttyACM3', '', ''][0m[0m
2000-01-01 01:26:22,748:lib.robot:INFO:l70:MainThread:[32m[32mCréation du robot[0m[0m
2000-01-01 01:26:22,749:lib.instance:ERROR:l73:MainThread:[33m[33minstance : serieAsserInstance n'est pas chargé. pas de chemin trouvé.[0m[0m
2000-01-01 01:26:22,751:lib.instance:ERROR:l83:MainThread:[33m[33minstance : serieBaliseInstance n'est pas chargé. pas de chemin trouvé.[0m[0m
2000-01-01 01:26:22,754:lib.instance:INFO:l133:MainThread:[32m[32métablissement du graphe en fonction des robots adverses rencontrés[0m[0m
2000-01-01 01:26:22,755:lib.recherche_chemin.thetastar:INFO:l501:MainThread:[32m[32mcalcul du graphe (initialisation, nouveau rayon ou nouveaux robots adverses[0m[0m
2000-01-01 01:26:24,938:lib.recherche_chemin.thetastar:INFO:l549:MainThread:[32m[32mmise en cache du graphe dans les fichiers sauv_*[0m[0m
2000-01-01 01:26:25,392:lib.asservissement:ERROR:l41:MainThread:[33m[33masservissement : ne peut importer instance.serieAsserInstance[0m[0m
2000-01-01 01:26:25,394:lib.asservissement:ERROR:l45:MainThread:[33m[33masservissement : ne peut importer instance.asserInstanceDuree[0m[0m
2000-01-01 01:26:25,500:lib.strategie:DEBUG:l154:MainThread:[36m[36mInitialisation des actions à faire[0m[0m
2000-01-01 01:26:25,503:lib.strategie:INFO:l47:MainThread:[32m[32mLancement de la stratégie numéro 1[0m[0m
2000-01-01 01:26:25,505:lib.strategie:ERROR:l66:MainThread:[33m[33mstratégie : ne peut importer instance.baliseInstance[0m[0m
2000-01-01 01:26:25,507:lib.balise:ERROR:l32:MainThread:[33m[33mbalise : ne peut importer instance.serieBaliseInstance[0m[0m
2000-01-01 01:26:49,482:__main__:INFO:l119:MainThread:[32m[32mChargement du fichier de lancement match[0m[0m
2000-01-01 01:26:51,729:bin.match:WARNING:l29:MainThread:[35m[35mRobot en attente du jumper pour recalage[0m[0m
2000-01-01 01:26:56,459:bin.match:INFO:l31:MainThread:[32m[32mLancement du recalage...[0m[0m
2000-01-01 01:26:56,544:bin.match:ERROR:l38:MainThread:[33m[33mImpossible de lancer le recalage[0m[0m
2000-01-01 01:26:56,546:bin.match:INFO:l42:MainThread:[32m[32mLe recalage a été effectué[0m[0m
