2012-05-10 00:07:35,456:__main__:INFO:l57:MainThread:[32m[32mProfil de configuration chargé : prod[0m[0m
2012-05-10 00:07:35,458:__main__:INFO:l59:MainThread:[32m[32mInjection des données de la carte[0m[0m
2012-05-10 00:07:43,990:lib.robot:INFO:l70:MainThread:[32m[32mCréation du robot[0m[0m
2012-05-10 00:07:44,000:lib.instance:INFO:l37:MainThread:[32m[32mInstanciation de la classe Instance[0m[0m
2012-05-10 00:07:44,053:lib.attributions:INFO:l42:MainThread:[32m[32m['', '', '', '', '', ''][0m[0m
2012-05-10 00:07:44,055:lib.robot:INFO:l70:MainThread:[32m[32mCréation du robot[0m[0m
2012-05-10 00:07:44,056:lib.instance:ERROR:l73:MainThread:[33m[33minstance : serieAsserInstance n'est pas chargé. pas de chemin trouvé.[0m[0m
2012-05-10 00:07:44,058:lib.instance:ERROR:l83:MainThread:[33m[33minstance : serieBaliseInstance n'est pas chargé. pas de chemin trouvé.[0m[0m
2012-05-10 00:07:44,059:lib.instance:ERROR:l93:MainThread:[33m[33minstance : serieCaptActionneurInstance n'est pas chargé. pas de chemin trouvé.[0m[0m
2012-05-10 00:07:44,061:lib.capteur:ERROR:l35:MainThread:[33m[33m[Capteurs] impossible d'acceder à serieCaptActionneurInstance[0m[0m
2012-05-10 00:07:44,062:lib.jumper:ERROR:l19:MainThread:[33m[33ml'instance de lib.capteur.Capteur n'est pas chargée[0m[0m
2012-05-10 00:07:44,064:lib.instance:INFO:l133:MainThread:[32m[32métablissement du graphe en fonction des robots adverses rencontrés[0m[0m
2012-05-10 00:07:44,065:lib.recherche_chemin.thetastar:INFO:l501:MainThread:[32m[32mcalcul du graphe (initialisation, nouveau rayon ou nouveaux robots adverses[0m[0m
2012-05-10 00:07:46,300:lib.recherche_chemin.thetastar:INFO:l549:MainThread:[32m[32mmise en cache du graphe dans les fichiers sauv_*[0m[0m
2012-05-10 00:07:46,330:lib.asservissement:ERROR:l41:MainThread:[33m[33masservissement : ne peut importer instance.serieAsserInstance[0m[0m
2012-05-10 00:07:46,332:lib.asservissement:ERROR:l45:MainThread:[33m[33masservissement : ne peut importer instance.asserInstanceDuree[0m[0m
2012-05-10 00:07:46,335:lib.actionneur:ERROR:l50:MainThread:[33m[33mactionneur : ne peut importer instance.serieCaptActionneurInstance[0m[0m
2012-05-10 00:07:46,338:lib.strategie:DEBUG:l154:MainThread:[36m[36mInitialisation des actions à faire[0m[0m
2012-05-10 00:07:46,339:lib.strategie:INFO:l47:MainThread:[32m[32mLancement de la stratégie numéro 1[0m[0m
2012-05-10 00:07:46,340:lib.strategie:ERROR:l66:MainThread:[33m[33mstratégie : ne peut importer instance.baliseInstance[0m[0m
2012-05-10 00:07:46,342:lib.balise:ERROR:l32:MainThread:[33m[33mbalise : ne peut importer instance.serieBaliseInstance[0m[0m
2012-05-10 00:16:01,384:__main__:INFO:l119:MainThread:[32m[32mChargement du fichier de lancement console[0m[0m
