\BOOKMARK [0][-]{chapter.1}{Actionneur}{}
\BOOKMARK [0][-]{chapter.2}{Actions}{}
\BOOKMARK [1][-]{section.2.1}{Actions\137in}{chapter.2}
\BOOKMARK [1][-]{section.2.2}{Actions\137out}{chapter.2}
\BOOKMARK [0][-]{chapter.3}{Asservissement}{}
\BOOKMARK [0][-]{chapter.4}{Capteur}{}
\BOOKMARK [0][-]{chapter.5}{Carte}{}
\BOOKMARK [0][-]{chapter.6}{D\351cision}{}
\BOOKMARK [0][-]{chapter.7}{\311l\351ments de jeu}{}
\BOOKMARK [0][-]{chapter.8}{\311v\350nement}{}
\BOOKMARK [0][-]{chapter.9}{I2c}{}
\BOOKMARK [0][-]{chapter.10}{Jeu}{}
\BOOKMARK [0][-]{chapter.11}{Log}{}
\BOOKMARK [0][-]{chapter.12}{Math}{}
\BOOKMARK [1][-]{section.12.1}{Point}{chapter.12}
\BOOKMARK [1][-]{section.12.2}{Vecteur}{chapter.12}
\BOOKMARK [0][-]{chapter.13}{P\351riph\351rique}{}
\BOOKMARK [0][-]{chapter.14}{Conf}{}
\BOOKMARK [1][-]{section.14.1}{Profils}{chapter.14}
\BOOKMARK [1][-]{section.14.2}{Librairie}{chapter.14}
\BOOKMARK [0][-]{chapter.15}{Recherche de chemin}{}
\BOOKMARK [1][-]{section.15.1}{Graph}{chapter.15}
\BOOKMARK [1][-]{section.15.2}{A*}{chapter.15}
\BOOKMARK [1][-]{section.15.3}{Theta*}{chapter.15}
\BOOKMARK [0][-]{chapter.16}{Robot}{}
\BOOKMARK [0][-]{chapter.17}{S\351rie}{}
\BOOKMARK [0][-]{chapter.18}{Simulation des \265C}{}
\BOOKMARK [0][-]{chapter.19}{Strat\351gie}{}
\BOOKMARK [0][-]{chapter.20}{Visualisation}{}
\BOOKMARK [1][-]{section.20.1}{S\351rie}{chapter.20}
\BOOKMARK [1][-]{section.20.2}{Table}{chapter.20}
\BOOKMARK [1][-]{section.20.3}{Threads}{chapter.20}
\BOOKMARK [0][-]{chapter.21}{Indices and tables}{}
\BOOKMARK [0][-]{section*.49}{Python Module Index}{}
\BOOKMARK [0][-]{section*.50}{Index}{}
