2000-01-01 01:59:01,313:__main__:INFO:l57:MainThread:[32m[32mProfil de configuration chargé : develop[0m[0m
2000-01-01 01:59:01,316:__main__:INFO:l59:MainThread:[32m[32mInjection des données de la carte[0m[0m
2000-01-01 01:59:02,241:lib.robot:INFO:l70:MainThread:[32m[32mCréation du robot[0m[0m
2000-01-01 01:59:02,255:lib.robot:INFO:l70:MainThread:[32m[32mCréation du robot[0m[0m
2000-01-01 01:59:02,260:lib.instance:INFO:l36:MainThread:[32m[32mInstanciation de la classe Instance[0m[0m
2000-01-01 01:59:04,774:lib.attributions:INFO:l42:MainThread:[32m[32m['/dev/ttyACM1', '', '', '/dev/ttyACM3', '', ''][0m[0m
2000-01-01 01:59:05,205:lib.robot:INFO:l70:MainThread:[32m[32mCréation du robot[0m[0m
2000-01-01 01:59:05,210:lib.instance:ERROR:l78:MainThread:[33m[33minstance : serieBaliseInstance n'est pas chargé. pas de chemin trouvé.[0m[0m
2000-01-01 01:59:05,217:lib.asservissement:ERROR:l44:MainThread:[33m[33masservissement : ne peut importer instance.asserInstanceDuree[0m[0m
2000-01-01 01:59:05,326:lib.strategie:DEBUG:l149:MainThread:[36m[36mInitialisation des actions à faire[0m[0m
2000-01-01 01:59:05,329:lib.strategie:INFO:l49:MainThread:[32m[32mLancement de la stratégie numéro 1[0m[0m
2000-01-01 01:59:05,332:lib.strategie:ERROR:l68:MainThread:[33m[33mstratégie : ne peut importer instance.baliseInstance[0m[0m
2000-01-01 01:59:05,337:lib.balise:ERROR:l32:MainThread:[33m[33mbalise : ne peut importer instance.serieBaliseInstance[0m[0m
2000-01-01 01:59:06,827:__main__:INFO:l121:MainThread:[32m[32mChargement du fichier de lancement test_goto[0m[0m
2000-01-01 01:59:06,839:lib.asservissement:INFO:l407:MainThread:[32m[32mdébut du recalage[0m[0m
2000-01-01 01:59:18,630:lib.asservissement:INFO:l412:MainThread:[32m[32mfin du recalage[0m[0m
2000-01-01 01:59:26,697:lib.script:DEBUG:l678:MainThread:[36m[36mRafflage de totem 0 0[0m[0m
2000-01-01 01:59:26,916:lib.asservissement:INFO:l138:MainThread:[32m[32mAppel de la recherche de chemin basique pour le point de départ : (1184.0,252.0) et d'arrivée : (-90,655)[0m[0m
2000-01-01 01:59:26,925:lib.asservissement:INFO:l206:MainThread:[32m[32mchemin trouvé : ([(590,290), (0,560), (-90,655)][0m[0m
2000-01-01 01:59:27,037:lib.asservissement:INFO:l81:MainThread:[32m[32meffectue le segment de départ : (1184.0,252.0) et d'arrivée : (590,290)[0m[0m
2000-01-01 01:59:29,992:lib.asservissement:INFO:l81:MainThread:[32m[32meffectue le segment de départ : (585.0,291.0) et d'arrivée : (0,560)[0m[0m
2000-01-01 01:59:33,441:lib.asservissement:INFO:l81:MainThread:[32m[32meffectue le segment de départ : (8.0,559.0) et d'arrivée : (-90,655)[0m[0m
