2000-01-01 01:22:44,273:__main__:INFO:l57:MainThread:[32m[32mProfil de configuration chargé : prod[0m[0m
2000-01-01 01:22:44,276:__main__:INFO:l59:MainThread:[32m[32mInjection des données de la carte[0m[0m
2000-01-01 01:22:45,185:lib.robot:INFO:l70:MainThread:[32m[32mCréation du robot[0m[0m
2000-01-01 01:22:45,191:lib.instance:INFO:l36:MainThread:[32m[32mInstanciation de la classe Instance[0m[0m
2000-01-01 01:22:47,694:lib.attributions:INFO:l42:MainThread:[32m[32m['/dev/ttyACM1', '', '', '/dev/ttyACM3', '', ''][0m[0m
2000-01-01 01:22:47,699:lib.robot:INFO:l70:MainThread:[32m[32mCréation du robot[0m[0m
2000-01-01 01:22:47,702:lib.instance:ERROR:l78:MainThread:[33m[33minstance : serieBaliseInstance n'est pas chargé. pas de chemin trouvé.[0m[0m
2000-01-01 01:22:47,706:lib.asservissement:ERROR:l44:MainThread:[33m[33masservissement : ne peut importer instance.asserInstanceDuree[0m[0m
2000-01-01 01:22:47,813:lib.strategie:DEBUG:l149:MainThread:[36m[36mInitialisation des actions à faire[0m[0m
2000-01-01 01:22:47,816:lib.strategie:INFO:l49:MainThread:[32m[32mLancement de la stratégie numéro 1[0m[0m
2000-01-01 01:22:47,819:lib.strategie:ERROR:l68:MainThread:[33m[33mstratégie : ne peut importer instance.baliseInstance[0m[0m
2000-01-01 01:22:47,822:lib.balise:ERROR:l32:MainThread:[33m[33mbalise : ne peut importer instance.serieBaliseInstance[0m[0m
2000-01-01 01:22:49,954:__main__:INFO:l121:MainThread:[32m[32mChargement du fichier de lancement autonome[0m[0m
2000-01-01 01:22:49,965:bin.autonome:WARNING:l26:MainThread:[35m[35mRobot en attente du jumper pour recalage[0m[0m
2000-01-01 01:22:51,484:bin.autonome:INFO:l28:MainThread:[32m[32mLancement du recalage...[0m[0m
2000-01-01 01:22:51,488:lib.asservissement:INFO:l404:MainThread:[32m[32mdébut du recalage[0m[0m
2000-01-01 01:23:02,627:lib.asservissement:INFO:l409:MainThread:[32m[32mfin du recalage[0m[0m
2000-01-01 01:23:02,729:bin.autonome:WARNING:l39:MainThread:[35m[35mLe recalage a été effectué[0m[0m
2000-01-01 01:23:04,103:bin.autonome:WARNING:l41:MainThread:[35m[35mLe Jumper a été retiré. Lancement de la stratégie[0m[0m
2000-01-01 01:23:04,107:lib.timer:INFO:l37:MainThread:[32m[32mLancement du timer...[0m[0m
2000-01-01 01:23:07,647:lib.asservissement:INFO:l135:MainThread:[32m[32mAppel de la recherche de chemin basique pour le point de départ : (209.0,491.0) et d'arrivée : (-900,1000)[0m[0m
2000-01-01 01:23:07,658:lib.asservissement:INFO:l203:MainThread:[32m[32mchemin trouvé : ([(0,560), (-590,290), (-875,970), (-900,1000)][0m[0m
2000-01-01 01:23:07,770:lib.asservissement:INFO:l135:MainThread:[32m[32mAppel de la recherche de chemin basique pour le point de départ : (209.0,491.0) et d'arrivée : (390,1510.0)[0m[0m
2000-01-01 01:23:07,776:lib.asservissement:INFO:l203:MainThread:[32m[32mchemin trouvé : ([(0,560), (-590,290), (-875,970), (-860,1490), (0,1490), (390,1510.0)][0m[0m
2000-01-01 01:23:07,887:lib.asservissement:INFO:l135:MainThread:[32m[32mAppel de la recherche de chemin basique pour le point de départ : (209.0,491.0) et d'arrivée : (0,1500)[0m[0m
2000-01-01 01:23:07,894:lib.asservissement:INFO:l203:MainThread:[32m[32mchemin trouvé : ([(0,560), (-590,290), (-875,970), (-860,1490), (0,1490), (0,1500)][0m[0m
2000-01-01 01:23:08,009:lib.asservissement:INFO:l135:MainThread:[32m[32mAppel de la recherche de chemin basique pour le point de départ : (209.0,491.0) et d'arrivée : (0,660)[0m[0m
2000-01-01 01:23:08,014:lib.asservissement:INFO:l203:MainThread:[32m[32mchemin trouvé : ([(0,560), (0,660)][0m[0m
2000-01-01 01:23:08,126:lib.asservissement:INFO:l135:MainThread:[32m[32mAppel de la recherche de chemin basique pour le point de départ : (209.0,491.0) et d'arrivée : (-860,1490)[0m[0m
2000-01-01 01:23:08,133:lib.asservissement:INFO:l203:MainThread:[32m[32mchemin trouvé : ([(0,560), (-590,290), (-875,970), (-860,1490)][0m[0m
2000-01-01 01:23:08,136:lib.strategie:INFO:l226:MainThread:[32m[32mTEMPS : [['bourrerCale', 22.27836647391164], ['enfoncerPoussoir1', 35.20133316482895], ['rafflerTotem01', 45.36168776337124], ['rafflerTotem00', 20.388771894375523], ['enfoncerPoussoir0', 26.86915044993841]][0m[0m
2000-01-01 01:23:08,138:lib.strategie:DEBUG:l227:MainThread:[36m[36mPOIDS : [['bourrerCale', 0.0], ['enfoncerPoussoir1', 0.17044808990344826], ['rafflerTotem01', 0.19840531611055576], ['rafflerTotem00', 0.6376058385147857], ['enfoncerPoussoir0', 0.22330441787428204]][0m[0m
2000-01-01 01:23:08,143:lib.script:DEBUG:l678:MainThread:[36m[36mRafflage de totem 0 0[0m[0m
2000-01-01 01:23:08,355:lib.asservissement:INFO:l135:MainThread:[32m[32mAppel de la recherche de chemin basique pour le point de départ : (-209.0,491.0) et d'arrivée : (90,655)[0m[0m
2000-01-01 01:23:08,363:lib.asservissement:INFO:l203:MainThread:[32m[32mchemin trouvé : ([(0,560), (90,655)][0m[0m
2000-01-01 01:23:08,478:lib.asservissement:INFO:l79:MainThread:[32m[32meffectue le segment de départ : (-209.0,491.0) et d'arrivée : (0,560)[0m[0m
2000-01-01 01:23:10,644:lib.asservissement:INFO:l79:MainThread:[32m[32meffectue le segment de départ : (4.0,562.0) et d'arrivée : (90,655)[0m[0m
2000-01-01 01:23:28,876:lib.strategie:DEBUG:l258:MainThread:[36m[36mLancement du script rafflerTotem00.[0m[0m
2000-01-01 01:23:28,991:lib.asservissement:INFO:l135:MainThread:[32m[32mAppel de la recherche de chemin basique pour le point de départ : (819.0,865.0) et d'arrivée : (900,1000)[0m[0m
2000-01-01 01:23:28,995:lib.asservissement:INFO:l203:MainThread:[32m[32mchemin trouvé : ([(875,970), (900,1000)][0m[0m
2000-01-01 01:23:29,105:lib.asservissement:INFO:l135:MainThread:[32m[32mAppel de la recherche de chemin basique pour le point de départ : (819.0,865.0) et d'arrivée : (-390,1510.0)[0m[0m
2000-01-01 01:23:29,112:lib.asservissement:INFO:l203:MainThread:[32m[32mchemin trouvé : ([(875,970), (860,1490), (0,1490), (-390,1510.0)][0m[0m
2000-01-01 01:23:29,223:lib.asservissement:INFO:l135:MainThread:[32m[32mAppel de la recherche de chemin basique pour le point de départ : (820.0,865.0) et d'arrivée : (0,1500)[0m[0m
2000-01-01 01:23:29,229:lib.asservissement:INFO:l203:MainThread:[32m[32mchemin trouvé : ([(875,970), (860,1490), (0,1490), (0,1500)][0m[0m
2000-01-01 01:23:29,341:lib.asservissement:INFO:l135:MainThread:[32m[32mAppel de la recherche de chemin basique pour le point de départ : (820.0,865.0) et d'arrivée : (0,660)[0m[0m
2000-01-01 01:23:29,347:lib.asservissement:INFO:l203:MainThread:[32m[32mchemin trouvé : ([(875,970), (590,290), (0,560), (0,660)][0m[0m
2000-01-01 01:23:29,463:lib.asservissement:INFO:l135:MainThread:[32m[32mAppel de la recherche de chemin basique pour le point de départ : (820.0,865.0) et d'arrivée : (860,1490)[0m[0m
2000-01-01 01:23:29,468:lib.asservissement:INFO:l203:MainThread:[32m[32mchemin trouvé : ([(875,970), (860,1490)][0m[0m
2000-01-01 01:23:29,471:lib.strategie:INFO:l226:MainThread:[32m[32mTEMPS : [['bourrerCale', 11.179486928205472], ['enfoncerPoussoir1', 24.102453619122784], ['rafflerTotem01', 34.25932087371953], ['rafflerTotem00', 29.97527702380301], ['enfoncerPoussoir0', 15.766783560286695]][0m[0m
2000-01-01 01:23:29,473:lib.strategie:DEBUG:l227:MainThread:[36m[36mPOIDS : [['bourrerCale', 0.1788990865899281], ['enfoncerPoussoir1', 0.24893731131338537], ['rafflerTotem01', 0.2627022302390103], ['rafflerTotem00', -0.033360825963540286], ['enfoncerPoussoir0', 0.38054686151161315]][0m[0m
2000-01-01 01:23:29,582:lib.script:DEBUG:l879:MainThread:[36m[36mEnfonçage du poussoir côté nous en cours[0m[0m
2000-01-01 01:23:29,691:lib.asservissement:INFO:l135:MainThread:[32m[32mAppel de la recherche de chemin basique pour le point de départ : (-820.0,865.0) et d'arrivée : (-860,1490)[0m[0m
2000-01-01 01:23:29,698:lib.asservissement:INFO:l203:MainThread:[32m[32mchemin trouvé : ([(-875,970), (-860,1490)][0m[0m
2000-01-01 01:23:29,809:lib.asservissement:INFO:l79:MainThread:[32m[32meffectue le segment de départ : (-820.0,865.0) et d'arrivée : (-875,970)[0m[0m
2000-01-01 01:23:31,999:lib.asservissement:INFO:l79:MainThread:[32m[32meffectue le segment de départ : (-877.0,972.0) et d'arrivée : (-860,1490)[0m[0m
2000-01-01 01:23:39,860:lib.strategie:DEBUG:l258:MainThread:[36m[36mLancement du script enfoncerPoussoir0.[0m[0m
2000-01-01 01:23:40,498:lib.asservissement:INFO:l135:MainThread:[32m[32mAppel de la recherche de chemin basique pour le point de départ : (868.0,1689.0) et d'arrivée : (-900,1000)[0m[0m
2000-01-01 01:23:40,506:lib.asservissement:INFO:l203:MainThread:[32m[32mchemin trouvé : ([(860,1490), (0,1490), (-860,1490), (-875,970), (-900,1000)][0m[0m
2000-01-01 01:23:40,616:lib.asservissement:INFO:l135:MainThread:[32m[32mAppel de la recherche de chemin basique pour le point de départ : (868.0,1689.0) et d'arrivée : (390,1510.0)[0m[0m
2000-01-01 01:23:40,623:lib.asservissement:INFO:l203:MainThread:[32m[32mchemin trouvé : ([(860,1490), (0,1490), (390,1510.0)][0m[0m
2000-01-01 01:23:40,736:lib.asservissement:INFO:l135:MainThread:[32m[32mAppel de la recherche de chemin basique pour le point de départ : (868.0,1689.0) et d'arrivée : (0,1500)[0m[0m
2000-01-01 01:23:40,741:lib.asservissement:INFO:l203:MainThread:[32m[32mchemin trouvé : ([(860,1490), (0,1490), (0,1500)][0m[0m
2000-01-01 01:23:40,853:lib.asservissement:INFO:l135:MainThread:[32m[32mAppel de la recherche de chemin basique pour le point de départ : (868.0,1689.0) et d'arrivée : (0,660)[0m[0m
2000-01-01 01:23:40,860:lib.asservissement:INFO:l203:MainThread:[32m[32mchemin trouvé : ([(860,1490), (875,970), (590,290), (0,560), (0,660)][0m[0m
2000-01-01 01:23:40,973:lib.asservissement:INFO:l135:MainThread:[32m[32mAppel de la recherche de chemin basique pour le point de départ : (868.0,1689.0) et d'arrivée : (-860,1490)[0m[0m
2000-01-01 01:23:40,979:lib.asservissement:INFO:l203:MainThread:[32m[32mchemin trouvé : ([(860,1490), (0,1490), (-860,1490)][0m[0m
2000-01-01 01:23:40,982:lib.strategie:INFO:l226:MainThread:[32m[32mTEMPS : [['bourrerCale', 28.495733497384474], ['enfoncerPoussoir1', 20.818456887299995], ['rafflerTotem01', 30.978811485842286], ['rafflerTotem00', 34.45919004140517], ['enfoncerPoussoir0', 25.322095067931837]][0m[0m
2000-01-01 01:23:40,984:lib.strategie:DEBUG:l227:MainThread:[36m[36mPOIDS : [['bourrerCale', 0.07018594556211628], ['enfoncerPoussoir1', 0.28820579894469583], ['rafflerTotem01', 0.2905211519852243], ['rafflerTotem00', -0.029019834731995407], ['enfoncerPoussoir0', 0.11847360938942335]][0m[0m
2000-01-01 01:23:40,988:lib.script:DEBUG:l731:MainThread:[36m[36mRafflage de totem 0 1 en cours[0m[0m
2000-01-01 01:23:41,200:lib.asservissement:INFO:l135:MainThread:[32m[32mAppel de la recherche de chemin basique pour le point de départ : (-868.0,1689.0) et d'arrivée : (80,1380)[0m[0m
2000-01-01 01:23:41,208:lib.asservissement:INFO:l203:MainThread:[32m[32mchemin trouvé : ([(-860,1490), (0,1490), (80,1380)][0m[0m
2000-01-01 01:23:41,318:lib.asservissement:INFO:l79:MainThread:[32m[32meffectue le segment de départ : (-868.0,1689.0) et d'arrivée : (-860,1490)[0m[0m
2000-01-01 01:23:43,345:lib.strategie:DEBUG:l258:MainThread:[36m[36mLancement du script rafflerTotem01.[0m[0m
2000-01-01 01:23:43,879:lib.asservissement:INFO:l135:MainThread:[32m[32mAppel de la recherche de chemin basique pour le point de départ : (863.0,1621.0) et d'arrivée : (900,1000)[0m[0m
2000-01-01 01:23:43,891:lib.asservissement:INFO:l203:MainThread:[32m[32mchemin trouvé : ([(860,1490), (875,970), (900,1000)][0m[0m
2000-01-01 01:23:44,003:lib.asservissement:INFO:l135:MainThread:[32m[32mAppel de la recherche de chemin basique pour le point de départ : (863.0,1626.0) et d'arrivée : (-390,1510.0)[0m[0m
2000-01-01 01:23:44,017:lib.asservissement:INFO:l203:MainThread:[32m[32mchemin trouvé : ([(860,1490), (0,1490), (-390,1510.0)][0m[0m
2000-01-01 01:23:44,130:lib.asservissement:INFO:l135:MainThread:[32m[32mAppel de la recherche de chemin basique pour le point de départ : (863.0,1626.0) et d'arrivée : (0,1500)[0m[0m
2000-01-01 01:23:44,144:lib.asservissement:INFO:l203:MainThread:[32m[32mchemin trouvé : ([(860,1490), (0,1490), (0,1500)][0m[0m
2000-01-01 01:23:44,256:lib.asservissement:INFO:l135:MainThread:[32m[32mAppel de la recherche de chemin basique pour le point de départ : (863.0,1626.0) et d'arrivée : (0,660)[0m[0m
2000-01-01 01:23:44,266:lib.asservissement:INFO:l203:MainThread:[32m[32mchemin trouvé : ([(860,1490), (875,970), (590,290), (0,560), (0,660)][0m[0m
2000-01-01 01:23:44,375:lib.asservissement:INFO:l135:MainThread:[32m[32mAppel de la recherche de chemin basique pour le point de départ : (863.0,1626.0) et d'arrivée : (860,1490)[0m[0m
2000-01-01 01:23:44,385:lib.asservissement:INFO:l203:MainThread:[32m[32mchemin trouvé : ([(860,1490)][0m[0m
2000-01-01 01:23:44,388:lib.strategie:INFO:l226:MainThread:[32m[32mTEMPS : [['bourrerCale', 15.151506687977992], ['enfoncerPoussoir1', 20.347354985123065], ['rafflerTotem01', 30.50770958366536], ['rafflerTotem00', 33.98808813922824], ['enfoncerPoussoir0', 12.015172270232522]][0m[0m
2000-01-01 01:23:44,391:lib.strategie:DEBUG:l227:MainThread:[36m[36mPOIDS : [['bourrerCale', 0.13200007373437692], ['enfoncerPoussoir1', 0.29487862203155596], ['rafflerTotem01', 0.16389299846610356], ['rafflerTotem00', -0.029422072695104728], ['enfoncerPoussoir0', 0.24968431018109263]][0m[0m
2000-01-01 01:23:44,496:lib.script:DEBUG:l902:MainThread:[36m[36mEnfonçage du poussoir côté ennemi en cours[0m[0m
2000-01-01 01:23:44,606:lib.asservissement:INFO:l135:MainThread:[32m[32mAppel de la recherche de chemin basique pour le point de départ : (-863.0,1626.0) et d'arrivée : (390,1510.0)[0m[0m
2000-01-01 01:23:44,616:lib.asservissement:INFO:l203:MainThread:[32m[32mchemin trouvé : ([(-860,1490), (0,1490), (390,1510.0)][0m[0m
2000-01-01 01:23:44,724:lib.asservissement:INFO:l79:MainThread:[32m[32meffectue le segment de départ : (-863.0,1626.0) et d'arrivée : (-860,1490)[0m[0m
2000-01-01 01:23:46,456:lib.asservissement:INFO:l79:MainThread:[32m[32meffectue le segment de départ : (-860.0,1489.0) et d'arrivée : (0,1490)[0m[0m
2000-01-01 01:23:50,986:lib.asservissement:INFO:l79:MainThread:[32m[32meffectue le segment de départ : (1.0,1494.0) et d'arrivée : (390,1510.0)[0m[0m
2000-01-01 01:24:15,379:lib.strategie:DEBUG:l258:MainThread:[36m[36mLancement du script enfoncerPoussoir1.[0m[0m
2000-01-01 01:24:15,489:lib.asservissement:INFO:l135:MainThread:[32m[32mAppel de la recherche de chemin basique pour le point de départ : (-398.0,1593.0) et d'arrivée : (-900,1000)[0m[0m
2000-01-01 01:24:15,495:lib.asservissement:INFO:l203:MainThread:[32m[32mchemin trouvé : ([(0,1490), (-860,1490), (-875,970), (-900,1000)][0m[0m
2000-01-01 01:24:15,605:lib.asservissement:INFO:l135:MainThread:[32m[32mAppel de la recherche de chemin basique pour le point de départ : (-398.0,1593.0) et d'arrivée : (390,1510.0)[0m[0m
2000-01-01 01:24:15,611:lib.asservissement:INFO:l203:MainThread:[32m[32mchemin trouvé : ([(0,1490), (390,1510.0)][0m[0m
2000-01-01 01:24:15,722:lib.asservissement:INFO:l135:MainThread:[32m[32mAppel de la recherche de chemin basique pour le point de départ : (-398.0,1593.0) et d'arrivée : (0,1500)[0m[0m
2000-01-01 01:24:15,728:lib.asservissement:INFO:l203:MainThread:[32m[32mchemin trouvé : ([(0,1490), (0,1500)][0m[0m
2000-01-01 01:24:15,839:lib.asservissement:INFO:l135:MainThread:[32m[32mAppel de la recherche de chemin basique pour le point de départ : (-398.0,1593.0) et d'arrivée : (0,660)[0m[0m
2000-01-01 01:24:15,845:lib.asservissement:INFO:l203:MainThread:[32m[32mchemin trouvé : ([(0,1490), (860,1490), (875,970), (590,290), (0,560), (0,660)][0m[0m
2000-01-01 01:24:15,954:lib.asservissement:INFO:l135:MainThread:[32m[32mAppel de la recherche de chemin basique pour le point de départ : (-398.0,1593.0) et d'arrivée : (-860,1490)[0m[0m
2000-01-01 01:24:15,962:lib.asservissement:INFO:l203:MainThread:[32m[32mchemin trouvé : ([(0,1490), (-860,1490)][0m[0m
2000-01-01 01:24:15,966:lib.strategie:INFO:l226:MainThread:[32m[32mTEMPS : [['bourrerCale', 23.659548182483512], ['enfoncerPoussoir1', 15.982271572399025], ['rafflerTotem01', 26.14262617094132], ['rafflerTotem00', 42.458825622026595], ['enfoncerPoussoir0', 20.48590975303087]][0m[0m
2000-01-01 01:24:15,969:lib.strategie:DEBUG:l227:MainThread:[36m[36mPOIDS : [['bourrerCale', -2], ['enfoncerPoussoir1', 0.1877079854644019], ['rafflerTotem01', -2], ['rafflerTotem00', -2], ['enfoncerPoussoir0', 0.14644211734634596]][0m[0m
2000-01-01 01:24:16,076:lib.script:DEBUG:l902:MainThread:[36m[36mEnfonçage du poussoir côté ennemi en cours[0m[0m
2000-01-01 01:24:16,187:lib.asservissement:INFO:l135:MainThread:[32m[32mAppel de la recherche de chemin basique pour le point de départ : (398.0,1593.0) et d'arrivée : (390,1510.0)[0m[0m
2000-01-01 01:24:16,194:lib.asservissement:INFO:l203:MainThread:[32m[32mchemin trouvé : ([(0,1490), (390,1510.0)][0m[0m
2000-01-01 01:24:16,304:lib.asservissement:INFO:l79:MainThread:[32m[32meffectue le segment de départ : (398.0,1593.0) et d'arrivée : (0,1490)[0m[0m
2000-01-01 01:24:19,398:lib.asservissement:INFO:l79:MainThread:[32m[32meffectue le segment de départ : (-2.0,1491.0) et d'arrivée : (390,1510.0)[0m[0m
