2000-01-01 01:18:43,363:__main__:INFO:l57:MainThread:[32m[32mProfil de configuration chargé : prod[0m[0m
2000-01-01 01:18:43,367:__main__:INFO:l59:MainThread:[32m[32mInjection des données de la carte[0m[0m
2000-01-01 01:18:44,918:lib.robot:INFO:l70:MainThread:[32m[32mCréation du robot[0m[0m
2000-01-01 01:18:44,925:lib.instance:INFO:l36:MainThread:[32m[32mInstanciation de la classe Instance[0m[0m
2000-01-01 01:18:47,435:lib.attributions:INFO:l42:MainThread:[32m[32m['/dev/ttyACM1', '', '', '/dev/ttyACM3', '', ''][0m[0m
2000-01-01 01:18:47,443:lib.robot:INFO:l70:MainThread:[32m[32mCréation du robot[0m[0m
2000-01-01 01:18:47,447:lib.instance:ERROR:l78:MainThread:[33m[33minstance : serieBaliseInstance n'est pas chargé. pas de chemin trouvé.[0m[0m
2000-01-01 01:18:47,451:lib.asservissement:ERROR:l44:MainThread:[33m[33masservissement : ne peut importer instance.asserInstanceDuree[0m[0m
2000-01-01 01:18:47,557:lib.strategie:DEBUG:l149:MainThread:[36m[36mInitialisation des actions à faire[0m[0m
2000-01-01 01:18:47,559:lib.strategie:INFO:l49:MainThread:[32m[32mLancement de la stratégie numéro 1[0m[0m
2000-01-01 01:18:47,561:lib.strategie:ERROR:l68:MainThread:[33m[33mstratégie : ne peut importer instance.baliseInstance[0m[0m
2000-01-01 01:18:47,563:lib.balise:ERROR:l32:MainThread:[33m[33mbalise : ne peut importer instance.serieBaliseInstance[0m[0m
2000-01-01 01:18:50,349:__main__:INFO:l121:MainThread:[32m[32mChargement du fichier de lancement autonome[0m[0m
2000-01-01 01:18:50,370:bin.autonome:WARNING:l26:MainThread:[35m[35mRobot en attente du jumper pour recalage[0m[0m
2000-01-01 01:18:59,734:bin.autonome:INFO:l28:MainThread:[32m[32mLancement du recalage...[0m[0m
2000-01-01 01:18:59,738:lib.asservissement:INFO:l404:MainThread:[32m[32mdébut du recalage[0m[0m
2000-01-01 01:19:10,580:lib.asservissement:INFO:l409:MainThread:[32m[32mfin du recalage[0m[0m
2000-01-01 01:19:10,683:bin.autonome:WARNING:l39:MainThread:[35m[35mLe recalage a été effectué[0m[0m
2000-01-01 01:19:24,898:bin.autonome:WARNING:l41:MainThread:[35m[35mLe Jumper a été retiré. Lancement de la stratégie[0m[0m
2000-01-01 01:19:24,902:lib.timer:INFO:l37:MainThread:[32m[32mLancement du timer...[0m[0m
2000-01-01 01:19:28,612:lib.asservissement:INFO:l135:MainThread:[32m[32mAppel de la recherche de chemin basique pour le point de départ : (207.0,488.0) et d'arrivée : (900,1000)[0m[0m
2000-01-01 01:19:28,620:lib.asservissement:INFO:l203:MainThread:[32m[32mchemin trouvé : ([(0,560), (590,290), (875,970), (900,1000)][0m[0m
2000-01-01 01:19:28,731:lib.asservissement:INFO:l135:MainThread:[32m[32mAppel de la recherche de chemin basique pour le point de départ : (207.0,488.0) et d'arrivée : (-390,1510.0)[0m[0m
2000-01-01 01:19:28,737:lib.asservissement:INFO:l203:MainThread:[32m[32mchemin trouvé : ([(0,560), (-590,290), (-875,970), (-860,1490), (0,1490), (-390,1510.0)][0m[0m
2000-01-01 01:19:28,847:lib.asservissement:INFO:l135:MainThread:[32m[32mAppel de la recherche de chemin basique pour le point de départ : (207.0,488.0) et d'arrivée : (0,1500)[0m[0m
2000-01-01 01:19:28,853:lib.asservissement:INFO:l203:MainThread:[32m[32mchemin trouvé : ([(0,560), (-590,290), (-875,970), (-860,1490), (0,1490), (0,1500)][0m[0m
2000-01-01 01:19:28,963:lib.asservissement:INFO:l135:MainThread:[32m[32mAppel de la recherche de chemin basique pour le point de départ : (207.0,488.0) et d'arrivée : (0,660)[0m[0m
2000-01-01 01:19:28,969:lib.asservissement:INFO:l203:MainThread:[32m[32mchemin trouvé : ([(0,560), (0,660)][0m[0m
2000-01-01 01:19:29,081:lib.asservissement:INFO:l135:MainThread:[32m[32mAppel de la recherche de chemin basique pour le point de départ : (207.0,488.0) et d'arrivée : (860,1490)[0m[0m
2000-01-01 01:19:29,087:lib.asservissement:INFO:l203:MainThread:[32m[32mchemin trouvé : ([(0,560), (590,290), (875,970), (860,1490)][0m[0m
2000-01-01 01:19:29,090:lib.strategie:INFO:l226:MainThread:[32m[32mTEMPS : [['bourrerCale', 22.27141787740139], ['enfoncerPoussoir1', 35.194384568318696], ['rafflerTotem01', 45.354739166860995], ['rafflerTotem00', 20.381823297865274], ['enfoncerPoussoir0', 26.862201853428154]][0m[0m
2000-01-01 01:19:29,092:lib.strategie:DEBUG:l227:MainThread:[36m[36mPOIDS : [['bourrerCale', 0.0], ['enfoncerPoussoir1', 0.17048174228911175], ['rafflerTotem01', 0.19843571290066997], ['rafflerTotem00', 0.6378232118890745], ['enfoncerPoussoir0', 0.22336218128128912]][0m[0m
2000-01-01 01:19:29,095:lib.script:DEBUG:l678:MainThread:[36m[36mRafflage de totem 0 0[0m[0m
2000-01-01 01:19:29,308:lib.asservissement:INFO:l135:MainThread:[32m[32mAppel de la recherche de chemin basique pour le point de départ : (207.0,488.0) et d'arrivée : (-90,655)[0m[0m
2000-01-01 01:19:29,314:lib.asservissement:INFO:l203:MainThread:[32m[32mchemin trouvé : ([(0,560), (-90,655)][0m[0m
2000-01-01 01:19:29,426:lib.asservissement:INFO:l79:MainThread:[32m[32meffectue le segment de départ : (207.0,488.0) et d'arrivée : (0,560)[0m[0m
2000-01-01 01:19:31,137:lib.asservissement:INFO:l79:MainThread:[32m[32meffectue le segment de départ : (5.0,557.0) et d'arrivée : (-90,655)[0m[0m
2000-01-01 01:19:49,770:lib.strategie:DEBUG:l258:MainThread:[36m[36mLancement du script rafflerTotem00.[0m[0m
2000-01-01 01:19:49,881:lib.asservissement:INFO:l135:MainThread:[32m[32mAppel de la recherche de chemin basique pour le point de départ : (876.0,841.0) et d'arrivée : (900,1000)[0m[0m
2000-01-01 01:19:49,885:lib.asservissement:INFO:l203:MainThread:[32m[32mchemin trouvé : ([(875,970), (900,1000)][0m[0m
2000-01-01 01:19:49,995:lib.asservissement:INFO:l135:MainThread:[32m[32mAppel de la recherche de chemin basique pour le point de départ : (876.0,841.0) et d'arrivée : (-390,1510.0)[0m[0m
2000-01-01 01:19:50,003:lib.asservissement:INFO:l203:MainThread:[32m[32mchemin trouvé : ([(875,970), (860,1490), (0,1490), (-390,1510.0)][0m[0m
2000-01-01 01:19:50,114:lib.asservissement:INFO:l135:MainThread:[32m[32mAppel de la recherche de chemin basique pour le point de départ : (876.0,841.0) et d'arrivée : (0,1500)[0m[0m
2000-01-01 01:19:50,119:lib.asservissement:INFO:l203:MainThread:[32m[32mchemin trouvé : ([(875,970), (860,1490), (0,1490), (0,1500)][0m[0m
2000-01-01 01:19:50,229:lib.asservissement:INFO:l135:MainThread:[32m[32mAppel de la recherche de chemin basique pour le point de départ : (876.0,841.0) et d'arrivée : (0,660)[0m[0m
2000-01-01 01:19:50,236:lib.asservissement:INFO:l203:MainThread:[32m[32mchemin trouvé : ([(875,970), (590,290), (0,560), (0,660)][0m[0m
2000-01-01 01:19:50,348:lib.asservissement:INFO:l135:MainThread:[32m[32mAppel de la recherche de chemin basique pour le point de départ : (876.0,841.0) et d'arrivée : (860,1490)[0m[0m
2000-01-01 01:19:50,354:lib.asservissement:INFO:l203:MainThread:[32m[32mchemin trouvé : ([(875,970), (860,1490)][0m[0m
2000-01-01 01:19:50,357:lib.strategie:INFO:l226:MainThread:[32m[32mTEMPS : [['bourrerCale', 11.254142718584314], ['enfoncerPoussoir1', 24.177109409501625], ['rafflerTotem01', 34.337464008043916], ['rafflerTotem00', 30.053420158127395], ['enfoncerPoussoir0', 15.844926694611082]][0m[0m
2000-01-01 01:19:50,360:lib.strategie:DEBUG:l227:MainThread:[36m[36mPOIDS : [['bourrerCale', 0.17771233669334388], ['enfoncerPoussoir1', 0.24816862505664117], ['rafflerTotem01', 0.262104388311602], ['rafflerTotem00', -0.033274083107295474], ['enfoncerPoussoir0', 0.37867010151840097]][0m[0m
2000-01-01 01:19:50,465:lib.script:DEBUG:l879:MainThread:[36m[36mEnfonçage du poussoir côté nous en cours[0m[0m
2000-01-01 01:19:50,574:lib.asservissement:INFO:l135:MainThread:[32m[32mAppel de la recherche de chemin basique pour le point de départ : (876.0,841.0) et d'arrivée : (860,1490)[0m[0m
2000-01-01 01:19:50,579:lib.asservissement:INFO:l203:MainThread:[32m[32mchemin trouvé : ([(875,970), (860,1490)][0m[0m
2000-01-01 01:19:50,690:lib.asservissement:INFO:l79:MainThread:[32m[32meffectue le segment de départ : (876.0,841.0) et d'arrivée : (875,970)[0m[0m
2000-01-01 01:19:52,324:lib.strategie:DEBUG:l258:MainThread:[36m[36mLancement du script enfoncerPoussoir0.[0m[0m
2000-01-01 01:19:52,435:lib.asservissement:INFO:l135:MainThread:[32m[32mAppel de la recherche de chemin basique pour le point de départ : (875.0,895.0) et d'arrivée : (900,1000)[0m[0m
2000-01-01 01:19:52,443:lib.asservissement:INFO:l203:MainThread:[32m[32mchemin trouvé : ([(875,970), (900,1000)][0m[0m
2000-01-01 01:19:52,553:lib.asservissement:INFO:l135:MainThread:[32m[32mAppel de la recherche de chemin basique pour le point de départ : (875.0,910.0) et d'arrivée : (-390,1510.0)[0m[0m
2000-01-01 01:19:52,567:lib.asservissement:INFO:l203:MainThread:[32m[32mchemin trouvé : ([(875,970), (590,290), (0,560), (-590,290), (-875,970), (-860,1490), (0,1490), (-390,1510.0)][0m[0m
2000-01-01 01:19:52,680:lib.asservissement:INFO:l135:MainThread:[32m[32mAppel de la recherche de chemin basique pour le point de départ : (875.0,907.0) et d'arrivée : (0,1500)[0m[0m
2000-01-01 01:19:52,689:lib.asservissement:INFO:l203:MainThread:[32m[32mchemin trouvé : ([(875,970), (590,290), (0,560), (-590,290), (-875,970), (-860,1490), (0,1490), (0,1500)][0m[0m
2000-01-01 01:19:52,798:lib.asservissement:INFO:l135:MainThread:[32m[32mAppel de la recherche de chemin basique pour le point de départ : (875.0,893.0) et d'arrivée : (0,660)[0m[0m
2000-01-01 01:19:52,812:lib.asservissement:INFO:l203:MainThread:[32m[32mchemin trouvé : ([(875,970), (590,290), (0,560), (0,660)][0m[0m
2000-01-01 01:19:52,925:lib.asservissement:INFO:l135:MainThread:[32m[32mAppel de la recherche de chemin basique pour le point de départ : (875.0,892.0) et d'arrivée : (860,1490)[0m[0m
2000-01-01 01:19:52,933:lib.asservissement:INFO:l203:MainThread:[32m[32mchemin trouvé : ([(875,970), (860,1490)][0m[0m
2000-01-01 01:19:52,936:lib.strategie:INFO:l226:MainThread:[32m[32mTEMPS : [['bourrerCale', 10.851128719250248], ['enfoncerPoussoir1', 44.3510271307393], ['rafflerTotem01', 54.53376978898308], ['rafflerTotem00', 29.665331531927656], ['enfoncerPoussoir0', 15.46430075497851]][0m[0m
2000-01-01 01:19:52,938:lib.strategie:DEBUG:l227:MainThread:[36m[36mPOIDS : [['bourrerCale', 0.1843126232989879], ['enfoncerPoussoir1', 0.13528435276849438], ['rafflerTotem01', 0.16503535396187083], ['rafflerTotem00', -0.033709382243840375], ['enfoncerPoussoir0', 0.19399519238101942]][0m[0m
2000-01-01 01:19:53,043:lib.script:DEBUG:l879:MainThread:[36m[36mEnfonçage du poussoir côté nous en cours[0m[0m
2000-01-01 01:19:53,154:lib.asservissement:INFO:l135:MainThread:[32m[32mAppel de la recherche de chemin basique pour le point de départ : (875.0,891.0) et d'arrivée : (860,1490)[0m[0m
2000-01-01 01:19:53,162:lib.asservissement:INFO:l203:MainThread:[32m[32mchemin trouvé : ([(875,970), (860,1490)][0m[0m
2000-01-01 01:19:53,271:lib.asservissement:INFO:l79:MainThread:[32m[32meffectue le segment de départ : (875.0,891.0) et d'arrivée : (875,970)[0m[0m
2000-01-01 01:19:54,822:lib.asservissement:INFO:l79:MainThread:[32m[32meffectue le segment de départ : (875.0,962.0) et d'arrivée : (860,1490)[0m[0m
2000-01-01 01:20:07,547:lib.script:DEBUG:l896:MainThread:[36m[36mEnfonçage du poussoir à nous fini[0m[0m
2000-01-01 01:20:10,424:lib.strategie:DEBUG:l258:MainThread:[36m[36mLancement du script enfoncerPoussoir0.[0m[0m
2000-01-01 01:20:10,534:lib.asservissement:INFO:l135:MainThread:[32m[32mAppel de la recherche de chemin basique pour le point de départ : (859.0,1512.0) et d'arrivée : (900,1000)[0m[0m
2000-01-01 01:20:10,541:lib.asservissement:INFO:l203:MainThread:[32m[32mchemin trouvé : ([(860,1490), (875,970), (900,1000)][0m[0m
2000-01-01 01:20:10,653:lib.asservissement:INFO:l135:MainThread:[32m[32mAppel de la recherche de chemin basique pour le point de départ : (859.0,1512.0) et d'arrivée : (-390,1510.0)[0m[0m
2000-01-01 01:20:10,659:lib.asservissement:INFO:l203:MainThread:[32m[32mchemin trouvé : ([(860,1490), (0,1490), (-390,1510.0)][0m[0m
2000-01-01 01:20:10,768:lib.asservissement:INFO:l135:MainThread:[32m[32mAppel de la recherche de chemin basique pour le point de départ : (859.0,1512.0) et d'arrivée : (0,1500)[0m[0m
2000-01-01 01:20:10,776:lib.asservissement:INFO:l203:MainThread:[32m[32mchemin trouvé : ([(860,1490), (0,1490), (0,1500)][0m[0m
2000-01-01 01:20:10,887:lib.asservissement:INFO:l135:MainThread:[32m[32mAppel de la recherche de chemin basique pour le point de départ : (859.0,1512.0) et d'arrivée : (0,660)[0m[0m
2000-01-01 01:20:10,892:lib.asservissement:INFO:l203:MainThread:[32m[32mchemin trouvé : ([(860,1490), (875,970), (590,290), (0,560), (0,660)][0m[0m
2000-01-01 01:20:11,002:lib.asservissement:INFO:l135:MainThread:[32m[32mAppel de la recherche de chemin basique pour le point de départ : (859.0,1512.0) et d'arrivée : (860,1490)[0m[0m
2000-01-01 01:20:11,008:lib.asservissement:INFO:l203:MainThread:[32m[32mchemin trouvé : ([(860,1490)][0m[0m
2000-01-01 01:20:11,011:lib.strategie:INFO:l226:MainThread:[32m[32mTEMPS : [['bourrerCale', 14.337987052926856], ['enfoncerPoussoir1', 19.49653133836476], ['rafflerTotem01', 29.656885936907052], ['rafflerTotem00', 33.13726449246994], ['enfoncerPoussoir0', 11.164348623474218]][0m[0m
2000-01-01 01:20:11,014:lib.strategie:DEBUG:l227:MainThread:[36m[36mPOIDS : [['bourrerCale', 0.13948959450285833], ['enfoncerPoussoir1', 0.3077470497633268], ['rafflerTotem01', 0.3034708370645141], ['rafflerTotem00', -0.030177506058994052], ['enfoncerPoussoir0', -0.0895708324529919]][0m[0m
2000-01-01 01:20:11,118:lib.script:DEBUG:l902:MainThread:[36m[36mEnfonçage du poussoir côté ennemi en cours[0m[0m
2000-01-01 01:20:11,228:lib.asservissement:INFO:l135:MainThread:[32m[32mAppel de la recherche de chemin basique pour le point de départ : (859.0,1512.0) et d'arrivée : (-390,1510.0)[0m[0m
2000-01-01 01:20:11,285:lib.asservissement:INFO:l203:MainThread:[32m[32mchemin trouvé : ([(860,1490), (0,1490), (-390,1510.0)][0m[0m
2000-01-01 01:20:11,395:lib.asservissement:INFO:l79:MainThread:[32m[32meffectue le segment de départ : (859.0,1512.0) et d'arrivée : (860,1490)[0m[0m
2000-01-01 01:20:12,766:lib.asservissement:INFO:l79:MainThread:[32m[32meffectue le segment de départ : (860.0,1490.0) et d'arrivée : (0,1490)[0m[0m
2000-01-01 01:20:16,468:lib.asservissement:INFO:l79:MainThread:[32m[32meffectue le segment de départ : (-2.0,1483.0) et d'arrivée : (-390,1510.0)[0m[0m
2000-01-01 01:20:29,828:lib.script:DEBUG:l919:MainThread:[36m[36mEnfonçage du poussoir ennemi fini[0m[0m
2000-01-01 01:20:29,832:lib.strategie:DEBUG:l258:MainThread:[36m[36mLancement du script enfoncerPoussoir1.[0m[0m
2000-01-01 01:20:29,944:lib.asservissement:INFO:l135:MainThread:[32m[32mAppel de la recherche de chemin basique pour le point de départ : (-401.0,1635.0) et d'arrivée : (900,1000)[0m[0m
2000-01-01 01:20:29,949:lib.asservissement:INFO:l203:MainThread:[32m[32mchemin trouvé : ([(0,1490), (860,1490), (875,970), (900,1000)][0m[0m
2000-01-01 01:20:30,059:lib.asservissement:INFO:l135:MainThread:[32m[32mAppel de la recherche de chemin basique pour le point de départ : (-401.0,1635.0) et d'arrivée : (-390,1510.0)[0m[0m
2000-01-01 01:20:30,065:lib.asservissement:INFO:l203:MainThread:[32m[32mchemin trouvé : ([(0,1490), (-390,1510.0)][0m[0m
2000-01-01 01:20:30,180:lib.asservissement:INFO:l135:MainThread:[32m[32mAppel de la recherche de chemin basique pour le point de départ : (-401.0,1635.0) et d'arrivée : (0,1500)[0m[0m
2000-01-01 01:20:30,184:lib.asservissement:INFO:l203:MainThread:[32m[32mchemin trouvé : ([(0,1490), (0,1500)][0m[0m
2000-01-01 01:20:30,294:lib.asservissement:INFO:l135:MainThread:[32m[32mAppel de la recherche de chemin basique pour le point de départ : (-401.0,1635.0) et d'arrivée : (0,660)[0m[0m
2000-01-01 01:20:30,301:lib.asservissement:INFO:l203:MainThread:[32m[32mchemin trouvé : ([(0,1490), (860,1490), (875,970), (590,290), (0,560), (0,660)][0m[0m
2000-01-01 01:20:30,414:lib.asservissement:INFO:l135:MainThread:[32m[32mAppel de la recherche de chemin basique pour le point de départ : (-401.0,1635.0) et d'arrivée : (860,1490)[0m[0m
2000-01-01 01:20:30,419:lib.asservissement:INFO:l203:MainThread:[32m[32mchemin trouvé : ([(0,1490), (860,1490)][0m[0m
2000-01-01 01:20:30,422:lib.strategie:INFO:l226:MainThread:[32m[32mTEMPS : [['bourrerCale', 23.773717535747224], ['enfoncerPoussoir1', 16.09644092566274], ['rafflerTotem01', 26.25679552420503], ['rafflerTotem00', 42.5729949752903], ['enfoncerPoussoir0', 20.600079106294583]][0m[0m
2000-01-01 01:20:30,424:lib.strategie:DEBUG:l227:MainThread:[36m[36mPOIDS : [['bourrerCale', 0.08412651479486583], ['enfoncerPoussoir1', -0.062125534745118005], ['rafflerTotem01', 0.34276840796140867], ['rafflerTotem00', -2], ['enfoncerPoussoir0', -0.048543502907930046]][0m[0m
2000-01-01 01:20:30,428:lib.script:DEBUG:l731:MainThread:[36m[36mRafflage de totem 0 1 en cours[0m[0m
2000-01-01 01:20:30,638:lib.asservissement:INFO:l135:MainThread:[32m[32mAppel de la recherche de chemin basique pour le point de départ : (-401.0,1635.0) et d'arrivée : (-80,1380)[0m[0m
2000-01-01 01:20:30,646:lib.asservissement:INFO:l203:MainThread:[32m[32mchemin trouvé : ([(0,1490), (-80,1380)][0m[0m
2000-01-01 01:20:30,758:lib.asservissement:INFO:l79:MainThread:[32m[32meffectue le segment de départ : (-401.0,1635.0) et d'arrivée : (0,1490)[0m[0m
2000-01-01 01:20:33,817:lib.asservissement:INFO:l79:MainThread:[32m[32meffectue le segment de départ : (-5.0,1494.0) et d'arrivée : (-80,1380)[0m[0m
2000-01-01 01:20:54,039:lib.timer:ERROR:l86:arretRobot:[33m[33mImpossible d'arrêter les capteurs[0m[0m
2000-01-01 01:20:54,423:lib.strategie:DEBUG:l258:MainThread:[36m[36mLancement du script rafflerTotem01.[0m[0m
2000-01-01 01:20:54,534:lib.asservissement:INFO:l135:MainThread:[32m[32mAppel de la recherche de chemin basique pour le point de départ : (727.0,1019.0) et d'arrivée : (900,1000)[0m[0m
2000-01-01 01:20:54,539:lib.asservissement:INFO:l203:MainThread:[32m[32mchemin trouvé : ([(875,970), (900,1000)][0m[0m
2000-01-01 01:20:54,651:lib.asservissement:INFO:l135:MainThread:[32m[32mAppel de la recherche de chemin basique pour le point de départ : (727.0,1019.0) et d'arrivée : (-390,1510.0)[0m[0m
2000-01-01 01:20:54,658:lib.asservissement:INFO:l203:MainThread:[32m[32mchemin trouvé : ([(875,970), (860,1490), (0,1490), (-390,1510.0)][0m[0m
2000-01-01 01:20:54,770:lib.asservissement:INFO:l135:MainThread:[32m[32mAppel de la recherche de chemin basique pour le point de départ : (727.0,1019.0) et d'arrivée : (0,1500)[0m[0m
2000-01-01 01:20:54,776:lib.asservissement:INFO:l203:MainThread:[32m[32mchemin trouvé : ([(875,970), (860,1490), (0,1490), (0,1500)][0m[0m
2000-01-01 01:20:54,885:lib.asservissement:INFO:l135:MainThread:[32m[32mAppel de la recherche de chemin basique pour le point de départ : (727.0,1019.0) et d'arrivée : (0,660)[0m[0m
2000-01-01 01:20:54,893:lib.asservissement:INFO:l203:MainThread:[32m[32mchemin trouvé : ([(875,970), (590,290), (0,560), (0,660)][0m[0m
2000-01-01 01:20:55,004:lib.asservissement:INFO:l135:MainThread:[32m[32mAppel de la recherche de chemin basique pour le point de départ : (727.0,1019.0) et d'arrivée : (860,1490)[0m[0m
2000-01-01 01:20:55,009:lib.asservissement:INFO:l203:MainThread:[32m[32mchemin trouvé : ([(875,970), (860,1490)][0m[0m
2000-01-01 01:20:55,013:lib.strategie:INFO:l226:MainThread:[32m[32mTEMPS : [['bourrerCale', 11.454864610024776], ['enfoncerPoussoir1', 24.377831300942084], ['rafflerTotem01', 34.538185899484375], ['rafflerTotem00', 30.254142049567857], ['enfoncerPoussoir0', 16.045648586051545]][0m[0m
2000-01-01 01:20:55,015:lib.strategie:DEBUG:l227:MainThread:[36m[36mPOIDS : [['bourrerCale', -2], ['enfoncerPoussoir1', -2], ['rafflerTotem01', -2], ['rafflerTotem00', -2], ['enfoncerPoussoir0', -2]][0m[0m
2000-01-01 01:20:55,016:lib.strategie:DEBUG:l239:MainThread:[36m[36mPlus aucun script à lancer.[0m[0m
2000-01-01 01:20:55,019:lib.script:DEBUG:l975:MainThread:[36m[36mFarmage d'ennemi[0m[0m
2000-01-01 01:20:55,045:lib.timer:INFO:l98:arretRobot:[32m[32mArrêt du robot après 89 secondes[0m[0m
